============================================================
  Generated by:           Genus(TM) Synthesis Solution 19.13-s073_1
  Generated on:           Apr 13 2024  02:51:02 am
  Module:                 bound_flasher
  Technology libraries:   slow_1v0 
                          pll 0.0
                          CDK_S128x16 0.0
                          CDK_S256x16 0.0
                          CDK_R512x16 0.0
                          physical_cells 
  Operating conditions:   slow 
  Interconnect mode:      global
  Area mode:              physical library
============================================================

Timing
--------

Clock Period 
-------------
clk   1120.0 


  Cost    Critical         Violating 
 Group   Path Slack  TNS     Paths   
-------------------------------------
clk             0.1   0.0          0 
default    No paths   0.0            
-------------------------------------
Total                 0.0          0 

Instance Count
--------------
Leaf Instance Count             206 
Physical Instance count           0 
Sequential Instance Count        28 
Combinational Instance Count    178 
Hierarchical Instance Count       0 

Area
----
Cell Area                          729.640
Physical Cell Area                 0.000
Total Cell Area (Cell+Physical)    729.640
Net Area                           236.528
Total Area (Cell+Physical+Net)     966.168

Runtime                            0.0 seconds
Elapsed Runtime                    33 seconds
Genus peak memory usage            1021.77 
Innovus peak memory usage          no_value 
Hostname                           localhost
